09-Sep-2024 21:24:17.616 INFO [main] org.apache.catalina.startup.VersionLoggerListener.log Server version name:   Apache Tomcat/10.1.28
09-Sep-2024 21:24:17.623 INFO [main] org.apache.catalina.startup.VersionLoggerListener.log Server built:          Aug 2 2024 15:14:43 UTC
09-Sep-2024 21:24:17.623 INFO [main] org.apache.catalina.startup.VersionLoggerListener.log Server version number: 10.1.28.0
09-Sep-2024 21:24:17.623 INFO [main] org.apache.catalina.startup.VersionLoggerListener.log OS Name:               Windows 10
09-Sep-2024 21:24:17.624 INFO [main] org.apache.catalina.startup.VersionLoggerListener.log OS Version:            10.0
09-Sep-2024 21:24:17.624 INFO [main] org.apache.catalina.startup.VersionLoggerListener.log Architecture:          amd64
09-Sep-2024 21:24:17.624 INFO [main] org.apache.catalina.startup.VersionLoggerListener.log Java Home:             C:\Users\Admin\.jdks\openjdk-22.0.2
09-Sep-2024 21:24:17.624 INFO [main] org.apache.catalina.startup.VersionLoggerListener.log JVM Version:           22.0.2+9-70
09-Sep-2024 21:24:17.624 INFO [main] org.apache.catalina.startup.VersionLoggerListener.log JVM Vendor:            Oracle Corporation
09-Sep-2024 21:24:17.625 INFO [main] org.apache.catalina.startup.VersionLoggerListener.log CATALINA_BASE:         C:\test\LTWEB
09-Sep-2024 21:24:17.625 INFO [main] org.apache.catalina.startup.VersionLoggerListener.log CATALINA_HOME:         C:\IntelliJ\apache-tomcat-10.1.28
09-Sep-2024 21:24:17.645 INFO [main] org.apache.catalina.startup.VersionLoggerListener.log Command line argument: --add-opens=java.base/java.lang=ALL-UNNAMED
09-Sep-2024 21:24:17.645 INFO [main] org.apache.catalina.startup.VersionLoggerListener.log Command line argument: --add-opens=java.base/java.io=ALL-UNNAMED
09-Sep-2024 21:24:17.646 INFO [main] org.apache.catalina.startup.VersionLoggerListener.log Command line argument: --add-opens=java.base/java.util=ALL-UNNAMED
09-Sep-2024 21:24:17.646 INFO [main] org.apache.catalina.startup.VersionLoggerListener.log Command line argument: --add-opens=java.base/java.util.concurrent=ALL-UNNAMED
09-Sep-2024 21:24:17.646 INFO [main] org.apache.catalina.startup.VersionLoggerListener.log Command line argument: --add-opens=java.rmi/sun.rmi.transport=ALL-UNNAMED
09-Sep-2024 21:24:17.646 INFO [main] org.apache.catalina.startup.VersionLoggerListener.log Command line argument: -Dcatalina.home=C:\IntelliJ\apache-tomcat-10.1.28
09-Sep-2024 21:24:17.646 INFO [main] org.apache.catalina.startup.VersionLoggerListener.log Command line argument: -Dcatalina.base=C:\test\LTWEB
09-Sep-2024 21:24:17.646 INFO [main] org.apache.catalina.startup.VersionLoggerListener.log Command line argument: -Djava.io.tmpdir=C:\test\LTWEB\temp
09-Sep-2024 21:24:17.647 INFO [main] org.apache.catalina.startup.VersionLoggerListener.log Command line argument: -Djava.util.logging.config.file=C:\test\LTWEB\conf\logging.properties
09-Sep-2024 21:24:17.647 INFO [main] org.apache.catalina.startup.VersionLoggerListener.log Command line argument: -Djava.util.logging.manager=org.apache.juli.ClassLoaderLogManager
09-Sep-2024 21:24:17.647 INFO [main] org.apache.catalina.startup.VersionLoggerListener.log Command line argument: -javaagent:C:\Program Files\JetBrains\IntelliJ IDEA 2024.2.0.2\lib\idea_rt.jar=64471:C:\Program Files\JetBrains\IntelliJ IDEA 2024.2.0.2\bin
09-Sep-2024 21:24:17.647 INFO [main] org.apache.catalina.startup.VersionLoggerListener.log Command line argument: -Dfile.encoding=UTF-8
09-Sep-2024 21:24:17.647 INFO [main] org.apache.catalina.startup.VersionLoggerListener.log Command line argument: -Dsun.stdout.encoding=UTF-8
09-Sep-2024 21:24:17.648 INFO [main] org.apache.catalina.startup.VersionLoggerListener.log Command line argument: -Dsun.stderr.encoding=UTF-8
09-Sep-2024 21:24:17.720 INFO [main] org.apache.catalina.core.AprLifecycleListener.lifecycleEvent Loaded Apache Tomcat Native library [2.0.8] using APR version [1.7.4].
09-Sep-2024 21:24:17.767 INFO [main] org.apache.catalina.core.AprLifecycleListener.initializeSSL OpenSSL successfully initialized [OpenSSL 3.0.14 4 Jun 2024]
09-Sep-2024 21:24:19.049 INFO [main] org.apache.coyote.AbstractProtocol.init Initializing ProtocolHandler ["http-nio-8080"]
09-Sep-2024 21:24:19.119 INFO [main] org.apache.catalina.startup.Catalina.load Server initialization in [1940] milliseconds
09-Sep-2024 21:24:19.219 INFO [main] org.apache.catalina.core.StandardService.startInternal Starting service [Catalina]
09-Sep-2024 21:24:19.219 INFO [main] org.apache.catalina.core.StandardEngine.startInternal Starting Servlet engine: [Apache Tomcat/10.1.28]
09-Sep-2024 21:24:19.236 INFO [main] org.apache.catalina.startup.HostConfig.deployDescriptor Deploying deployment descriptor [C:\test\LTWEB\conf\Catalina\localhost\LTWEB.xml]
09-Sep-2024 21:24:21.793 INFO [main] org.apache.jasper.servlet.TldScanner.scanJars At least one JAR was scanned for TLDs yet contained no TLDs. Enable debug logging for this logger for a complete list of JARs that were scanned but no TLDs were found in them. Skipping unneeded JARs during scanning can improve startup time and JSP compilation time.
09-Sep-2024 21:24:21.970 INFO [main] org.apache.catalina.startup.HostConfig.deployDescriptor Deployment of deployment descriptor [C:\test\LTWEB\conf\Catalina\localhost\LTWEB.xml] has finished in [2,734] ms
09-Sep-2024 21:24:21.976 INFO [main] org.apache.coyote.AbstractProtocol.start Starting ProtocolHandler ["http-nio-8080"]
09-Sep-2024 21:24:22.027 INFO [main] org.apache.catalina.startup.Catalina.start Server startup in [2904] milliseconds
09-Sep-2024 21:25:39.885 INFO [Thread-1] org.apache.coyote.AbstractProtocol.pause Pausing ProtocolHandler ["http-nio-8080"]
09-Sep-2024 21:25:39.897 INFO [Thread-1] org.apache.catalina.core.StandardService.stopInternal Stopping service [Catalina]
09-Sep-2024 21:25:39.928 INFO [Thread-1] org.apache.coyote.AbstractProtocol.stop Stopping ProtocolHandler ["http-nio-8080"]
09-Sep-2024 21:25:39.941 INFO [Thread-1] org.apache.coyote.AbstractProtocol.destroy Destroying ProtocolHandler ["http-nio-8080"]
09-Sep-2024 21:25:48.090 INFO [main] org.apache.catalina.startup.VersionLoggerListener.log Server version name:   Apache Tomcat/10.1.28
09-Sep-2024 21:25:48.099 INFO [main] org.apache.catalina.startup.VersionLoggerListener.log Server built:          Aug 2 2024 15:14:43 UTC
09-Sep-2024 21:25:48.100 INFO [main] org.apache.catalina.startup.VersionLoggerListener.log Server version number: 10.1.28.0
09-Sep-2024 21:25:48.100 INFO [main] org.apache.catalina.startup.VersionLoggerListener.log OS Name:               Windows 10
09-Sep-2024 21:25:48.100 INFO [main] org.apache.catalina.startup.VersionLoggerListener.log OS Version:            10.0
09-Sep-2024 21:25:48.101 INFO [main] org.apache.catalina.startup.VersionLoggerListener.log Architecture:          amd64
09-Sep-2024 21:25:48.101 INFO [main] org.apache.catalina.startup.VersionLoggerListener.log Java Home:             C:\Users\Admin\.jdks\openjdk-22.0.2
09-Sep-2024 21:25:48.101 INFO [main] org.apache.catalina.startup.VersionLoggerListener.log JVM Version:           22.0.2+9-70
09-Sep-2024 21:25:48.101 INFO [main] org.apache.catalina.startup.VersionLoggerListener.log JVM Vendor:            Oracle Corporation
09-Sep-2024 21:25:48.102 INFO [main] org.apache.catalina.startup.VersionLoggerListener.log CATALINA_BASE:         C:\test\LTWEB
09-Sep-2024 21:25:48.103 INFO [main] org.apache.catalina.startup.VersionLoggerListener.log CATALINA_HOME:         C:\IntelliJ\apache-tomcat-10.1.28
09-Sep-2024 21:25:48.131 INFO [main] org.apache.catalina.startup.VersionLoggerListener.log Command line argument: --add-opens=java.base/java.lang=ALL-UNNAMED
09-Sep-2024 21:25:48.132 INFO [main] org.apache.catalina.startup.VersionLoggerListener.log Command line argument: --add-opens=java.base/java.io=ALL-UNNAMED
09-Sep-2024 21:25:48.132 INFO [main] org.apache.catalina.startup.VersionLoggerListener.log Command line argument: --add-opens=java.base/java.util=ALL-UNNAMED
09-Sep-2024 21:25:48.132 INFO [main] org.apache.catalina.startup.VersionLoggerListener.log Command line argument: --add-opens=java.base/java.util.concurrent=ALL-UNNAMED
09-Sep-2024 21:25:48.132 INFO [main] org.apache.catalina.startup.VersionLoggerListener.log Command line argument: --add-opens=java.rmi/sun.rmi.transport=ALL-UNNAMED
09-Sep-2024 21:25:48.135 INFO [main] org.apache.catalina.startup.VersionLoggerListener.log Command line argument: -Dcatalina.home=C:\IntelliJ\apache-tomcat-10.1.28
09-Sep-2024 21:25:48.135 INFO [main] org.apache.catalina.startup.VersionLoggerListener.log Command line argument: -Dcatalina.base=C:\test\LTWEB
09-Sep-2024 21:25:48.138 INFO [main] org.apache.catalina.startup.VersionLoggerListener.log Command line argument: -Djava.io.tmpdir=C:\test\LTWEB\temp
09-Sep-2024 21:25:48.140 INFO [main] org.apache.catalina.startup.VersionLoggerListener.log Command line argument: -Djava.util.logging.config.file=C:\test\LTWEB\conf\logging.properties
09-Sep-2024 21:25:48.141 INFO [main] org.apache.catalina.startup.VersionLoggerListener.log Command line argument: -Djava.util.logging.manager=org.apache.juli.ClassLoaderLogManager
09-Sep-2024 21:25:48.145 INFO [main] org.apache.catalina.startup.VersionLoggerListener.log Command line argument: -javaagent:C:\Program Files\JetBrains\IntelliJ IDEA 2024.2.0.2\lib\idea_rt.jar=64511:C:\Program Files\JetBrains\IntelliJ IDEA 2024.2.0.2\bin
09-Sep-2024 21:25:48.146 INFO [main] org.apache.catalina.startup.VersionLoggerListener.log Command line argument: -Dfile.encoding=UTF-8
09-Sep-2024 21:25:48.146 INFO [main] org.apache.catalina.startup.VersionLoggerListener.log Command line argument: -Dsun.stdout.encoding=UTF-8
09-Sep-2024 21:25:48.147 INFO [main] org.apache.catalina.startup.VersionLoggerListener.log Command line argument: -Dsun.stderr.encoding=UTF-8
09-Sep-2024 21:25:48.154 INFO [main] org.apache.catalina.core.AprLifecycleListener.lifecycleEvent Loaded Apache Tomcat Native library [2.0.8] using APR version [1.7.4].
09-Sep-2024 21:25:48.179 INFO [main] org.apache.catalina.core.AprLifecycleListener.initializeSSL OpenSSL successfully initialized [OpenSSL 3.0.14 4 Jun 2024]
09-Sep-2024 21:25:49.639 INFO [main] org.apache.coyote.AbstractProtocol.init Initializing ProtocolHandler ["http-nio-8080"]
09-Sep-2024 21:25:49.767 INFO [main] org.apache.catalina.startup.Catalina.load Server initialization in [2183] milliseconds
09-Sep-2024 21:25:49.881 INFO [main] org.apache.catalina.core.StandardService.startInternal Starting service [Catalina]
09-Sep-2024 21:25:49.881 INFO [main] org.apache.catalina.core.StandardEngine.startInternal Starting Servlet engine: [Apache Tomcat/10.1.28]
09-Sep-2024 21:25:49.917 INFO [main] org.apache.catalina.startup.HostConfig.deployDescriptor Deploying deployment descriptor [C:\test\LTWEB\conf\Catalina\localhost\LTWEB.xml]
09-Sep-2024 21:25:53.151 INFO [main] org.apache.jasper.servlet.TldScanner.scanJars At least one JAR was scanned for TLDs yet contained no TLDs. Enable debug logging for this logger for a complete list of JARs that were scanned but no TLDs were found in them. Skipping unneeded JARs during scanning can improve startup time and JSP compilation time.
09-Sep-2024 21:25:53.395 INFO [main] org.apache.catalina.startup.HostConfig.deployDescriptor Deployment of deployment descriptor [C:\test\LTWEB\conf\Catalina\localhost\LTWEB.xml] has finished in [3,477] ms
09-Sep-2024 21:25:53.403 INFO [main] org.apache.coyote.AbstractProtocol.start Starting ProtocolHandler ["http-nio-8080"]
09-Sep-2024 21:25:53.451 INFO [main] org.apache.catalina.startup.Catalina.start Server startup in [3679] milliseconds
09-Sep-2024 21:27:06.267 INFO [Thread-1] org.apache.coyote.AbstractProtocol.pause Pausing ProtocolHandler ["http-nio-8080"]
09-Sep-2024 21:27:06.284 INFO [Thread-1] org.apache.catalina.core.StandardService.stopInternal Stopping service [Catalina]
09-Sep-2024 21:27:06.307 INFO [Thread-1] org.apache.coyote.AbstractProtocol.stop Stopping ProtocolHandler ["http-nio-8080"]
09-Sep-2024 21:27:06.326 INFO [Thread-1] org.apache.coyote.AbstractProtocol.destroy Destroying ProtocolHandler ["http-nio-8080"]
09-Sep-2024 21:27:11.401 INFO [main] org.apache.catalina.startup.VersionLoggerListener.log Server version name:   Apache Tomcat/10.1.28
09-Sep-2024 21:27:11.420 INFO [main] org.apache.catalina.startup.VersionLoggerListener.log Server built:          Aug 2 2024 15:14:43 UTC
09-Sep-2024 21:27:11.420 INFO [main] org.apache.catalina.startup.VersionLoggerListener.log Server version number: 10.1.28.0
09-Sep-2024 21:27:11.420 INFO [main] org.apache.catalina.startup.VersionLoggerListener.log OS Name:               Windows 10
09-Sep-2024 21:27:11.420 INFO [main] org.apache.catalina.startup.VersionLoggerListener.log OS Version:            10.0
09-Sep-2024 21:27:11.421 INFO [main] org.apache.catalina.startup.VersionLoggerListener.log Architecture:          amd64
09-Sep-2024 21:27:11.421 INFO [main] org.apache.catalina.startup.VersionLoggerListener.log Java Home:             C:\Users\Admin\.jdks\openjdk-22.0.2
09-Sep-2024 21:27:11.421 INFO [main] org.apache.catalina.startup.VersionLoggerListener.log JVM Version:           22.0.2+9-70
09-Sep-2024 21:27:11.421 INFO [main] org.apache.catalina.startup.VersionLoggerListener.log JVM Vendor:            Oracle Corporation
09-Sep-2024 21:27:11.421 INFO [main] org.apache.catalina.startup.VersionLoggerListener.log CATALINA_BASE:         C:\test\LTWEB
09-Sep-2024 21:27:11.421 INFO [main] org.apache.catalina.startup.VersionLoggerListener.log CATALINA_HOME:         C:\IntelliJ\apache-tomcat-10.1.28
09-Sep-2024 21:27:11.437 INFO [main] org.apache.catalina.startup.VersionLoggerListener.log Command line argument: --add-opens=java.base/java.lang=ALL-UNNAMED
09-Sep-2024 21:27:11.437 INFO [main] org.apache.catalina.startup.VersionLoggerListener.log Command line argument: --add-opens=java.base/java.io=ALL-UNNAMED
09-Sep-2024 21:27:11.437 INFO [main] org.apache.catalina.startup.VersionLoggerListener.log Command line argument: --add-opens=java.base/java.util=ALL-UNNAMED
09-Sep-2024 21:27:11.438 INFO [main] org.apache.catalina.startup.VersionLoggerListener.log Command line argument: --add-opens=java.base/java.util.concurrent=ALL-UNNAMED
09-Sep-2024 21:27:11.438 INFO [main] org.apache.catalina.startup.VersionLoggerListener.log Command line argument: --add-opens=java.rmi/sun.rmi.transport=ALL-UNNAMED
09-Sep-2024 21:27:11.438 INFO [main] org.apache.catalina.startup.VersionLoggerListener.log Command line argument: -Dcatalina.home=C:\IntelliJ\apache-tomcat-10.1.28
09-Sep-2024 21:27:11.438 INFO [main] org.apache.catalina.startup.VersionLoggerListener.log Command line argument: -Dcatalina.base=C:\test\LTWEB
09-Sep-2024 21:27:11.438 INFO [main] org.apache.catalina.startup.VersionLoggerListener.log Command line argument: -Djava.io.tmpdir=C:\test\LTWEB\temp
09-Sep-2024 21:27:11.438 INFO [main] org.apache.catalina.startup.VersionLoggerListener.log Command line argument: -Djava.util.logging.config.file=C:\test\LTWEB\conf\logging.properties
09-Sep-2024 21:27:11.439 INFO [main] org.apache.catalina.startup.VersionLoggerListener.log Command line argument: -Djava.util.logging.manager=org.apache.juli.ClassLoaderLogManager
09-Sep-2024 21:27:11.439 INFO [main] org.apache.catalina.startup.VersionLoggerListener.log Command line argument: -javaagent:C:\Program Files\JetBrains\IntelliJ IDEA 2024.2.0.2\lib\idea_rt.jar=64527:C:\Program Files\JetBrains\IntelliJ IDEA 2024.2.0.2\bin
09-Sep-2024 21:27:11.439 INFO [main] org.apache.catalina.startup.VersionLoggerListener.log Command line argument: -Dfile.encoding=UTF-8
09-Sep-2024 21:27:11.439 INFO [main] org.apache.catalina.startup.VersionLoggerListener.log Command line argument: -Dsun.stdout.encoding=UTF-8
09-Sep-2024 21:27:11.439 INFO [main] org.apache.catalina.startup.VersionLoggerListener.log Command line argument: -Dsun.stderr.encoding=UTF-8
09-Sep-2024 21:27:11.444 INFO [main] org.apache.catalina.core.AprLifecycleListener.lifecycleEvent Loaded Apache Tomcat Native library [2.0.8] using APR version [1.7.4].
09-Sep-2024 21:27:11.453 INFO [main] org.apache.catalina.core.AprLifecycleListener.initializeSSL OpenSSL successfully initialized [OpenSSL 3.0.14 4 Jun 2024]
09-Sep-2024 21:27:12.281 INFO [main] org.apache.coyote.AbstractProtocol.init Initializing ProtocolHandler ["http-nio-8080"]
09-Sep-2024 21:27:12.328 INFO [main] org.apache.catalina.startup.Catalina.load Server initialization in [1445] milliseconds
09-Sep-2024 21:27:12.450 INFO [main] org.apache.catalina.core.StandardService.startInternal Starting service [Catalina]
09-Sep-2024 21:27:12.450 INFO [main] org.apache.catalina.core.StandardEngine.startInternal Starting Servlet engine: [Apache Tomcat/10.1.28]
09-Sep-2024 21:27:12.468 INFO [main] org.apache.catalina.startup.HostConfig.deployDescriptor Deploying deployment descriptor [C:\test\LTWEB\conf\Catalina\localhost\LTWEB.xml]
09-Sep-2024 21:27:15.763 INFO [main] org.apache.jasper.servlet.TldScanner.scanJars At least one JAR was scanned for TLDs yet contained no TLDs. Enable debug logging for this logger for a complete list of JARs that were scanned but no TLDs were found in them. Skipping unneeded JARs during scanning can improve startup time and JSP compilation time.
09-Sep-2024 21:27:15.943 INFO [main] org.apache.catalina.startup.HostConfig.deployDescriptor Deployment of deployment descriptor [C:\test\LTWEB\conf\Catalina\localhost\LTWEB.xml] has finished in [3,474] ms
09-Sep-2024 21:27:15.955 INFO [main] org.apache.coyote.AbstractProtocol.start Starting ProtocolHandler ["http-nio-8080"]
09-Sep-2024 21:27:16.017 INFO [main] org.apache.catalina.startup.Catalina.start Server startup in [3686] milliseconds
09-Sep-2024 21:28:30.694 INFO [Thread-1] org.apache.coyote.AbstractProtocol.pause Pausing ProtocolHandler ["http-nio-8080"]
09-Sep-2024 21:28:30.709 INFO [Thread-1] org.apache.catalina.core.StandardService.stopInternal Stopping service [Catalina]
09-Sep-2024 21:28:30.730 INFO [Thread-1] org.apache.coyote.AbstractProtocol.stop Stopping ProtocolHandler ["http-nio-8080"]
09-Sep-2024 21:28:30.746 INFO [Thread-1] org.apache.coyote.AbstractProtocol.destroy Destroying ProtocolHandler ["http-nio-8080"]
09-Sep-2024 21:28:35.797 INFO [main] org.apache.catalina.startup.VersionLoggerListener.log Server version name:   Apache Tomcat/10.1.28
09-Sep-2024 21:28:35.804 INFO [main] org.apache.catalina.startup.VersionLoggerListener.log Server built:          Aug 2 2024 15:14:43 UTC
09-Sep-2024 21:28:35.804 INFO [main] org.apache.catalina.startup.VersionLoggerListener.log Server version number: 10.1.28.0
09-Sep-2024 21:28:35.805 INFO [main] org.apache.catalina.startup.VersionLoggerListener.log OS Name:               Windows 10
09-Sep-2024 21:28:35.805 INFO [main] org.apache.catalina.startup.VersionLoggerListener.log OS Version:            10.0
09-Sep-2024 21:28:35.805 INFO [main] org.apache.catalina.startup.VersionLoggerListener.log Architecture:          amd64
09-Sep-2024 21:28:35.805 INFO [main] org.apache.catalina.startup.VersionLoggerListener.log Java Home:             C:\Users\Admin\.jdks\openjdk-22.0.2
09-Sep-2024 21:28:35.805 INFO [main] org.apache.catalina.startup.VersionLoggerListener.log JVM Version:           22.0.2+9-70
09-Sep-2024 21:28:35.806 INFO [main] org.apache.catalina.startup.VersionLoggerListener.log JVM Vendor:            Oracle Corporation
09-Sep-2024 21:28:35.806 INFO [main] org.apache.catalina.startup.VersionLoggerListener.log CATALINA_BASE:         C:\test\LTWEB
09-Sep-2024 21:28:35.806 INFO [main] org.apache.catalina.startup.VersionLoggerListener.log CATALINA_HOME:         C:\IntelliJ\apache-tomcat-10.1.28
09-Sep-2024 21:28:35.825 INFO [main] org.apache.catalina.startup.VersionLoggerListener.log Command line argument: --add-opens=java.base/java.lang=ALL-UNNAMED
09-Sep-2024 21:28:35.825 INFO [main] org.apache.catalina.startup.VersionLoggerListener.log Command line argument: --add-opens=java.base/java.io=ALL-UNNAMED
09-Sep-2024 21:28:35.826 INFO [main] org.apache.catalina.startup.VersionLoggerListener.log Command line argument: --add-opens=java.base/java.util=ALL-UNNAMED
09-Sep-2024 21:28:35.826 INFO [main] org.apache.catalina.startup.VersionLoggerListener.log Command line argument: --add-opens=java.base/java.util.concurrent=ALL-UNNAMED
09-Sep-2024 21:28:35.826 INFO [main] org.apache.catalina.startup.VersionLoggerListener.log Command line argument: --add-opens=java.rmi/sun.rmi.transport=ALL-UNNAMED
09-Sep-2024 21:28:35.826 INFO [main] org.apache.catalina.startup.VersionLoggerListener.log Command line argument: -Dcatalina.home=C:\IntelliJ\apache-tomcat-10.1.28
09-Sep-2024 21:28:35.826 INFO [main] org.apache.catalina.startup.VersionLoggerListener.log Command line argument: -Dcatalina.base=C:\test\LTWEB
09-Sep-2024 21:28:35.826 INFO [main] org.apache.catalina.startup.VersionLoggerListener.log Command line argument: -Djava.io.tmpdir=C:\test\LTWEB\temp
09-Sep-2024 21:28:35.827 INFO [main] org.apache.catalina.startup.VersionLoggerListener.log Command line argument: -Djava.util.logging.config.file=C:\test\LTWEB\conf\logging.properties
09-Sep-2024 21:28:35.827 INFO [main] org.apache.catalina.startup.VersionLoggerListener.log Command line argument: -Djava.util.logging.manager=org.apache.juli.ClassLoaderLogManager
09-Sep-2024 21:28:35.827 INFO [main] org.apache.catalina.startup.VersionLoggerListener.log Command line argument: -javaagent:C:\Program Files\JetBrains\IntelliJ IDEA 2024.2.0.2\lib\idea_rt.jar=64541:C:\Program Files\JetBrains\IntelliJ IDEA 2024.2.0.2\bin
09-Sep-2024 21:28:35.828 INFO [main] org.apache.catalina.startup.VersionLoggerListener.log Command line argument: -Dfile.encoding=UTF-8
09-Sep-2024 21:28:35.828 INFO [main] org.apache.catalina.startup.VersionLoggerListener.log Command line argument: -Dsun.stdout.encoding=UTF-8
09-Sep-2024 21:28:35.828 INFO [main] org.apache.catalina.startup.VersionLoggerListener.log Command line argument: -Dsun.stderr.encoding=UTF-8
09-Sep-2024 21:28:35.832 INFO [main] org.apache.catalina.core.AprLifecycleListener.lifecycleEvent Loaded Apache Tomcat Native library [2.0.8] using APR version [1.7.4].
09-Sep-2024 21:28:35.842 INFO [main] org.apache.catalina.core.AprLifecycleListener.initializeSSL OpenSSL successfully initialized [OpenSSL 3.0.14 4 Jun 2024]
09-Sep-2024 21:28:36.576 INFO [main] org.apache.coyote.AbstractProtocol.init Initializing ProtocolHandler ["http-nio-8080"]
09-Sep-2024 21:28:36.634 INFO [main] org.apache.catalina.startup.Catalina.load Server initialization in [1381] milliseconds
09-Sep-2024 21:28:36.747 INFO [main] org.apache.catalina.core.StandardService.startInternal Starting service [Catalina]
09-Sep-2024 21:28:36.748 INFO [main] org.apache.catalina.core.StandardEngine.startInternal Starting Servlet engine: [Apache Tomcat/10.1.28]
09-Sep-2024 21:28:36.773 INFO [main] org.apache.coyote.AbstractProtocol.start Starting ProtocolHandler ["http-nio-8080"]
09-Sep-2024 21:28:36.978 INFO [main] org.apache.catalina.startup.Catalina.start Server startup in [342] milliseconds
09-Sep-2024 21:29:00.572 INFO [Thread-1] org.apache.coyote.AbstractProtocol.pause Pausing ProtocolHandler ["http-nio-8080"]
09-Sep-2024 21:29:00.581 INFO [Thread-1] org.apache.catalina.core.StandardService.stopInternal Stopping service [Catalina]
09-Sep-2024 21:29:00.582 INFO [Thread-1] org.apache.coyote.AbstractProtocol.stop Stopping ProtocolHandler ["http-nio-8080"]
09-Sep-2024 21:29:00.589 INFO [Thread-1] org.apache.coyote.AbstractProtocol.destroy Destroying ProtocolHandler ["http-nio-8080"]
09-Sep-2024 21:29:04.149 INFO [main] org.apache.catalina.startup.VersionLoggerListener.log Server version name:   Apache Tomcat/10.1.28
09-Sep-2024 21:29:04.157 INFO [main] org.apache.catalina.startup.VersionLoggerListener.log Server built:          Aug 2 2024 15:14:43 UTC
09-Sep-2024 21:29:04.162 INFO [main] org.apache.catalina.startup.VersionLoggerListener.log Server version number: 10.1.28.0
09-Sep-2024 21:29:04.165 INFO [main] org.apache.catalina.startup.VersionLoggerListener.log OS Name:               Windows 10
09-Sep-2024 21:29:04.166 INFO [main] org.apache.catalina.startup.VersionLoggerListener.log OS Version:            10.0
09-Sep-2024 21:29:04.166 INFO [main] org.apache.catalina.startup.VersionLoggerListener.log Architecture:          amd64
09-Sep-2024 21:29:04.166 INFO [main] org.apache.catalina.startup.VersionLoggerListener.log Java Home:             C:\Users\Admin\.jdks\openjdk-22.0.2
09-Sep-2024 21:29:04.166 INFO [main] org.apache.catalina.startup.VersionLoggerListener.log JVM Version:           22.0.2+9-70
09-Sep-2024 21:29:04.167 INFO [main] org.apache.catalina.startup.VersionLoggerListener.log JVM Vendor:            Oracle Corporation
09-Sep-2024 21:29:04.167 INFO [main] org.apache.catalina.startup.VersionLoggerListener.log CATALINA_BASE:         C:\test\LTWEB
09-Sep-2024 21:29:04.167 INFO [main] org.apache.catalina.startup.VersionLoggerListener.log CATALINA_HOME:         C:\IntelliJ\apache-tomcat-10.1.28
09-Sep-2024 21:29:04.183 INFO [main] org.apache.catalina.startup.VersionLoggerListener.log Command line argument: --add-opens=java.base/java.lang=ALL-UNNAMED
09-Sep-2024 21:29:04.184 INFO [main] org.apache.catalina.startup.VersionLoggerListener.log Command line argument: --add-opens=java.base/java.io=ALL-UNNAMED
09-Sep-2024 21:29:04.184 INFO [main] org.apache.catalina.startup.VersionLoggerListener.log Command line argument: --add-opens=java.base/java.util=ALL-UNNAMED
09-Sep-2024 21:29:04.184 INFO [main] org.apache.catalina.startup.VersionLoggerListener.log Command line argument: --add-opens=java.base/java.util.concurrent=ALL-UNNAMED
09-Sep-2024 21:29:04.184 INFO [main] org.apache.catalina.startup.VersionLoggerListener.log Command line argument: --add-opens=java.rmi/sun.rmi.transport=ALL-UNNAMED
09-Sep-2024 21:29:04.184 INFO [main] org.apache.catalina.startup.VersionLoggerListener.log Command line argument: -Dcatalina.home=C:\IntelliJ\apache-tomcat-10.1.28
09-Sep-2024 21:29:04.184 INFO [main] org.apache.catalina.startup.VersionLoggerListener.log Command line argument: -Dcatalina.base=C:\test\LTWEB
09-Sep-2024 21:29:04.185 INFO [main] org.apache.catalina.startup.VersionLoggerListener.log Command line argument: -Djava.io.tmpdir=C:\test\LTWEB\temp
09-Sep-2024 21:29:04.185 INFO [main] org.apache.catalina.startup.VersionLoggerListener.log Command line argument: -Djava.util.logging.config.file=C:\test\LTWEB\conf\logging.properties
09-Sep-2024 21:29:04.185 INFO [main] org.apache.catalina.startup.VersionLoggerListener.log Command line argument: -Djava.util.logging.manager=org.apache.juli.ClassLoaderLogManager
09-Sep-2024 21:29:04.185 INFO [main] org.apache.catalina.startup.VersionLoggerListener.log Command line argument: -javaagent:C:\Program Files\JetBrains\IntelliJ IDEA 2024.2.0.2\lib\idea_rt.jar=64555:C:\Program Files\JetBrains\IntelliJ IDEA 2024.2.0.2\bin
09-Sep-2024 21:29:04.185 INFO [main] org.apache.catalina.startup.VersionLoggerListener.log Command line argument: -Dfile.encoding=UTF-8
09-Sep-2024 21:29:04.185 INFO [main] org.apache.catalina.startup.VersionLoggerListener.log Command line argument: -Dsun.stdout.encoding=UTF-8
09-Sep-2024 21:29:04.186 INFO [main] org.apache.catalina.startup.VersionLoggerListener.log Command line argument: -Dsun.stderr.encoding=UTF-8
09-Sep-2024 21:29:04.189 INFO [main] org.apache.catalina.core.AprLifecycleListener.lifecycleEvent Loaded Apache Tomcat Native library [2.0.8] using APR version [1.7.4].
09-Sep-2024 21:29:04.200 INFO [main] org.apache.catalina.core.AprLifecycleListener.initializeSSL OpenSSL successfully initialized [OpenSSL 3.0.14 4 Jun 2024]
09-Sep-2024 21:29:05.042 INFO [main] org.apache.coyote.AbstractProtocol.init Initializing ProtocolHandler ["http-nio-8080"]
09-Sep-2024 21:29:05.103 INFO [main] org.apache.catalina.startup.Catalina.load Server initialization in [1480] milliseconds
09-Sep-2024 21:29:05.223 INFO [main] org.apache.catalina.core.StandardService.startInternal Starting service [Catalina]
09-Sep-2024 21:29:05.224 INFO [main] org.apache.catalina.core.StandardEngine.startInternal Starting Servlet engine: [Apache Tomcat/10.1.28]
09-Sep-2024 21:29:05.243 INFO [main] org.apache.catalina.startup.HostConfig.deployDescriptor Deploying deployment descriptor [C:\test\LTWEB\conf\Catalina\localhost\LTWEB.xml]
09-Sep-2024 21:29:08.239 INFO [main] org.apache.jasper.servlet.TldScanner.scanJars At least one JAR was scanned for TLDs yet contained no TLDs. Enable debug logging for this logger for a complete list of JARs that were scanned but no TLDs were found in them. Skipping unneeded JARs during scanning can improve startup time and JSP compilation time.
09-Sep-2024 21:29:08.466 INFO [main] org.apache.catalina.startup.HostConfig.deployDescriptor Deployment of deployment descriptor [C:\test\LTWEB\conf\Catalina\localhost\LTWEB.xml] has finished in [3,222] ms
09-Sep-2024 21:29:08.473 INFO [main] org.apache.coyote.AbstractProtocol.start Starting ProtocolHandler ["http-nio-8080"]
09-Sep-2024 21:29:08.538 INFO [main] org.apache.catalina.startup.Catalina.start Server startup in [3432] milliseconds
09-Sep-2024 21:31:38.708 INFO [Catalina-utility-1] org.apache.catalina.startup.HostConfig.reload Reloading context [/LTWEB]
09-Sep-2024 21:31:38.709 INFO [Catalina-utility-1] org.apache.catalina.core.StandardContext.reload Reloading Context with name [/LTWEB] has started
09-Sep-2024 21:31:41.362 INFO [Catalina-utility-1] org.apache.jasper.servlet.TldScanner.scanJars At least one JAR was scanned for TLDs yet contained no TLDs. Enable debug logging for this logger for a complete list of JARs that were scanned but no TLDs were found in them. Skipping unneeded JARs during scanning can improve startup time and JSP compilation time.
09-Sep-2024 21:31:41.440 INFO [Catalina-utility-1] org.apache.catalina.core.StandardContext.reload Reloading Context with name [/LTWEB] is completed
09-Sep-2024 21:32:19.630 INFO [Thread-1] org.apache.coyote.AbstractProtocol.pause Pausing ProtocolHandler ["http-nio-8080"]
09-Sep-2024 21:32:19.641 INFO [Thread-1] org.apache.catalina.core.StandardService.stopInternal Stopping service [Catalina]
09-Sep-2024 21:32:19.646 INFO [Thread-1] org.apache.coyote.AbstractProtocol.stop Stopping ProtocolHandler ["http-nio-8080"]
09-Sep-2024 21:32:19.652 INFO [Thread-1] org.apache.coyote.AbstractProtocol.destroy Destroying ProtocolHandler ["http-nio-8080"]
09-Sep-2024 21:32:25.098 INFO [main] org.apache.catalina.startup.VersionLoggerListener.log Server version name:   Apache Tomcat/10.1.28
09-Sep-2024 21:32:25.105 INFO [main] org.apache.catalina.startup.VersionLoggerListener.log Server built:          Aug 2 2024 15:14:43 UTC
09-Sep-2024 21:32:25.105 INFO [main] org.apache.catalina.startup.VersionLoggerListener.log Server version number: 10.1.28.0
09-Sep-2024 21:32:25.105 INFO [main] org.apache.catalina.startup.VersionLoggerListener.log OS Name:               Windows 10
09-Sep-2024 21:32:25.105 INFO [main] org.apache.catalina.startup.VersionLoggerListener.log OS Version:            10.0
09-Sep-2024 21:32:25.105 INFO [main] org.apache.catalina.startup.VersionLoggerListener.log Architecture:          amd64
09-Sep-2024 21:32:25.106 INFO [main] org.apache.catalina.startup.VersionLoggerListener.log Java Home:             C:\Users\Admin\.jdks\openjdk-22.0.2
09-Sep-2024 21:32:25.106 INFO [main] org.apache.catalina.startup.VersionLoggerListener.log JVM Version:           22.0.2+9-70
09-Sep-2024 21:32:25.106 INFO [main] org.apache.catalina.startup.VersionLoggerListener.log JVM Vendor:            Oracle Corporation
09-Sep-2024 21:32:25.106 INFO [main] org.apache.catalina.startup.VersionLoggerListener.log CATALINA_BASE:         C:\test\LTWEB
09-Sep-2024 21:32:25.106 INFO [main] org.apache.catalina.startup.VersionLoggerListener.log CATALINA_HOME:         C:\IntelliJ\apache-tomcat-10.1.28
09-Sep-2024 21:32:25.125 INFO [main] org.apache.catalina.startup.VersionLoggerListener.log Command line argument: --add-opens=java.base/java.lang=ALL-UNNAMED
09-Sep-2024 21:32:25.125 INFO [main] org.apache.catalina.startup.VersionLoggerListener.log Command line argument: --add-opens=java.base/java.io=ALL-UNNAMED
09-Sep-2024 21:32:25.125 INFO [main] org.apache.catalina.startup.VersionLoggerListener.log Command line argument: --add-opens=java.base/java.util=ALL-UNNAMED
09-Sep-2024 21:32:25.125 INFO [main] org.apache.catalina.startup.VersionLoggerListener.log Command line argument: --add-opens=java.base/java.util.concurrent=ALL-UNNAMED
09-Sep-2024 21:32:25.125 INFO [main] org.apache.catalina.startup.VersionLoggerListener.log Command line argument: --add-opens=java.rmi/sun.rmi.transport=ALL-UNNAMED
09-Sep-2024 21:32:25.126 INFO [main] org.apache.catalina.startup.VersionLoggerListener.log Command line argument: -Dcatalina.home=C:\IntelliJ\apache-tomcat-10.1.28
09-Sep-2024 21:32:25.126 INFO [main] org.apache.catalina.startup.VersionLoggerListener.log Command line argument: -Dcatalina.base=C:\test\LTWEB
09-Sep-2024 21:32:25.126 INFO [main] org.apache.catalina.startup.VersionLoggerListener.log Command line argument: -Djava.io.tmpdir=C:\test\LTWEB\temp
09-Sep-2024 21:32:25.127 INFO [main] org.apache.catalina.startup.VersionLoggerListener.log Command line argument: -Djava.util.logging.config.file=C:\test\LTWEB\conf\logging.properties
09-Sep-2024 21:32:25.127 INFO [main] org.apache.catalina.startup.VersionLoggerListener.log Command line argument: -Djava.util.logging.manager=org.apache.juli.ClassLoaderLogManager
09-Sep-2024 21:32:25.127 INFO [main] org.apache.catalina.startup.VersionLoggerListener.log Command line argument: -javaagent:C:\Program Files\JetBrains\IntelliJ IDEA 2024.2.0.2\lib\idea_rt.jar=64568:C:\Program Files\JetBrains\IntelliJ IDEA 2024.2.0.2\bin
09-Sep-2024 21:32:25.127 INFO [main] org.apache.catalina.startup.VersionLoggerListener.log Command line argument: -Dfile.encoding=UTF-8
09-Sep-2024 21:32:25.127 INFO [main] org.apache.catalina.startup.VersionLoggerListener.log Command line argument: -Dsun.stdout.encoding=UTF-8
09-Sep-2024 21:32:25.128 INFO [main] org.apache.catalina.startup.VersionLoggerListener.log Command line argument: -Dsun.stderr.encoding=UTF-8
09-Sep-2024 21:32:25.132 INFO [main] org.apache.catalina.core.AprLifecycleListener.lifecycleEvent Loaded Apache Tomcat Native library [2.0.8] using APR version [1.7.4].
09-Sep-2024 21:32:25.140 INFO [main] org.apache.catalina.core.AprLifecycleListener.initializeSSL OpenSSL successfully initialized [OpenSSL 3.0.14 4 Jun 2024]
09-Sep-2024 21:32:25.939 INFO [main] org.apache.coyote.AbstractProtocol.init Initializing ProtocolHandler ["http-nio-8080"]
09-Sep-2024 21:32:25.989 INFO [main] org.apache.catalina.startup.Catalina.load Server initialization in [1349] milliseconds
09-Sep-2024 21:32:26.101 INFO [main] org.apache.catalina.core.StandardService.startInternal Starting service [Catalina]
09-Sep-2024 21:32:26.101 INFO [main] org.apache.catalina.core.StandardEngine.startInternal Starting Servlet engine: [Apache Tomcat/10.1.28]
09-Sep-2024 21:32:26.119 INFO [main] org.apache.catalina.startup.HostConfig.deployDescriptor Deploying deployment descriptor [C:\test\LTWEB\conf\Catalina\localhost\LTWEB.xml]
09-Sep-2024 21:32:28.933 INFO [main] org.apache.jasper.servlet.TldScanner.scanJars At least one JAR was scanned for TLDs yet contained no TLDs. Enable debug logging for this logger for a complete list of JARs that were scanned but no TLDs were found in them. Skipping unneeded JARs during scanning can improve startup time and JSP compilation time.
09-Sep-2024 21:32:29.113 INFO [main] org.apache.catalina.startup.HostConfig.deployDescriptor Deployment of deployment descriptor [C:\test\LTWEB\conf\Catalina\localhost\LTWEB.xml] has finished in [2,993] ms
09-Sep-2024 21:32:29.120 INFO [main] org.apache.coyote.AbstractProtocol.start Starting ProtocolHandler ["http-nio-8080"]
09-Sep-2024 21:32:29.180 INFO [main] org.apache.catalina.startup.Catalina.start Server startup in [3187] milliseconds
09-Sep-2024 21:34:31.422 INFO [Thread-1] org.apache.coyote.AbstractProtocol.pause Pausing ProtocolHandler ["http-nio-8080"]
09-Sep-2024 21:34:31.434 INFO [Thread-1] org.apache.catalina.core.StandardService.stopInternal Stopping service [Catalina]
09-Sep-2024 21:34:31.473 INFO [Thread-1] org.apache.coyote.AbstractProtocol.stop Stopping ProtocolHandler ["http-nio-8080"]
09-Sep-2024 21:34:31.478 INFO [Thread-1] org.apache.coyote.AbstractProtocol.destroy Destroying ProtocolHandler ["http-nio-8080"]
09-Sep-2024 21:34:36.572 INFO [main] org.apache.catalina.startup.VersionLoggerListener.log Server version name:   Apache Tomcat/10.1.28
09-Sep-2024 21:34:36.580 INFO [main] org.apache.catalina.startup.VersionLoggerListener.log Server built:          Aug 2 2024 15:14:43 UTC
09-Sep-2024 21:34:36.580 INFO [main] org.apache.catalina.startup.VersionLoggerListener.log Server version number: 10.1.28.0
09-Sep-2024 21:34:36.580 INFO [main] org.apache.catalina.startup.VersionLoggerListener.log OS Name:               Windows 10
09-Sep-2024 21:34:36.581 INFO [main] org.apache.catalina.startup.VersionLoggerListener.log OS Version:            10.0
09-Sep-2024 21:34:36.581 INFO [main] org.apache.catalina.startup.VersionLoggerListener.log Architecture:          amd64
09-Sep-2024 21:34:36.581 INFO [main] org.apache.catalina.startup.VersionLoggerListener.log Java Home:             C:\Users\Admin\.jdks\openjdk-22.0.2
09-Sep-2024 21:34:36.581 INFO [main] org.apache.catalina.startup.VersionLoggerListener.log JVM Version:           22.0.2+9-70
09-Sep-2024 21:34:36.582 INFO [main] org.apache.catalina.startup.VersionLoggerListener.log JVM Vendor:            Oracle Corporation
09-Sep-2024 21:34:36.583 INFO [main] org.apache.catalina.startup.VersionLoggerListener.log CATALINA_BASE:         C:\test\LTWEB
09-Sep-2024 21:34:36.584 INFO [main] org.apache.catalina.startup.VersionLoggerListener.log CATALINA_HOME:         C:\IntelliJ\apache-tomcat-10.1.28
09-Sep-2024 21:34:36.604 INFO [main] org.apache.catalina.startup.VersionLoggerListener.log Command line argument: --add-opens=java.base/java.lang=ALL-UNNAMED
09-Sep-2024 21:34:36.604 INFO [main] org.apache.catalina.startup.VersionLoggerListener.log Command line argument: --add-opens=java.base/java.io=ALL-UNNAMED
09-Sep-2024 21:34:36.605 INFO [main] org.apache.catalina.startup.VersionLoggerListener.log Command line argument: --add-opens=java.base/java.util=ALL-UNNAMED
09-Sep-2024 21:34:36.605 INFO [main] org.apache.catalina.startup.VersionLoggerListener.log Command line argument: --add-opens=java.base/java.util.concurrent=ALL-UNNAMED
09-Sep-2024 21:34:36.605 INFO [main] org.apache.catalina.startup.VersionLoggerListener.log Command line argument: --add-opens=java.rmi/sun.rmi.transport=ALL-UNNAMED
09-Sep-2024 21:34:36.605 INFO [main] org.apache.catalina.startup.VersionLoggerListener.log Command line argument: -Dcatalina.home=C:\IntelliJ\apache-tomcat-10.1.28
09-Sep-2024 21:34:36.605 INFO [main] org.apache.catalina.startup.VersionLoggerListener.log Command line argument: -Dcatalina.base=C:\test\LTWEB
09-Sep-2024 21:34:36.605 INFO [main] org.apache.catalina.startup.VersionLoggerListener.log Command line argument: -Djava.io.tmpdir=C:\test\LTWEB\temp
09-Sep-2024 21:34:36.606 INFO [main] org.apache.catalina.startup.VersionLoggerListener.log Command line argument: -Djava.util.logging.config.file=C:\test\LTWEB\conf\logging.properties
09-Sep-2024 21:34:36.606 INFO [main] org.apache.catalina.startup.VersionLoggerListener.log Command line argument: -Djava.util.logging.manager=org.apache.juli.ClassLoaderLogManager
09-Sep-2024 21:34:36.606 INFO [main] org.apache.catalina.startup.VersionLoggerListener.log Command line argument: -javaagent:C:\Program Files\JetBrains\IntelliJ IDEA 2024.2.0.2\lib\idea_rt.jar=56586:C:\Program Files\JetBrains\IntelliJ IDEA 2024.2.0.2\bin
09-Sep-2024 21:34:36.607 INFO [main] org.apache.catalina.startup.VersionLoggerListener.log Command line argument: -Dfile.encoding=UTF-8
09-Sep-2024 21:34:36.607 INFO [main] org.apache.catalina.startup.VersionLoggerListener.log Command line argument: -Dsun.stdout.encoding=UTF-8
09-Sep-2024 21:34:36.607 INFO [main] org.apache.catalina.startup.VersionLoggerListener.log Command line argument: -Dsun.stderr.encoding=UTF-8
09-Sep-2024 21:34:36.610 INFO [main] org.apache.catalina.core.AprLifecycleListener.lifecycleEvent Loaded Apache Tomcat Native library [2.0.8] using APR version [1.7.4].
09-Sep-2024 21:34:36.620 INFO [main] org.apache.catalina.core.AprLifecycleListener.initializeSSL OpenSSL successfully initialized [OpenSSL 3.0.14 4 Jun 2024]
09-Sep-2024 21:34:37.470 INFO [main] org.apache.coyote.AbstractProtocol.init Initializing ProtocolHandler ["http-nio-8080"]
09-Sep-2024 21:34:37.519 INFO [main] org.apache.catalina.startup.Catalina.load Server initialization in [1441] milliseconds
09-Sep-2024 21:34:37.640 INFO [main] org.apache.catalina.core.StandardService.startInternal Starting service [Catalina]
09-Sep-2024 21:34:37.640 INFO [main] org.apache.catalina.core.StandardEngine.startInternal Starting Servlet engine: [Apache Tomcat/10.1.28]
09-Sep-2024 21:34:37.667 INFO [main] org.apache.catalina.startup.HostConfig.deployDescriptor Deploying deployment descriptor [C:\test\LTWEB\conf\Catalina\localhost\LTWEB.xml]
09-Sep-2024 21:34:40.934 INFO [main] org.apache.jasper.servlet.TldScanner.scanJars At least one JAR was scanned for TLDs yet contained no TLDs. Enable debug logging for this logger for a complete list of JARs that were scanned but no TLDs were found in them. Skipping unneeded JARs during scanning can improve startup time and JSP compilation time.
09-Sep-2024 21:34:41.146 INFO [main] org.apache.catalina.startup.HostConfig.deployDescriptor Deployment of deployment descriptor [C:\test\LTWEB\conf\Catalina\localhost\LTWEB.xml] has finished in [3,478] ms
09-Sep-2024 21:34:41.154 INFO [main] org.apache.coyote.AbstractProtocol.start Starting ProtocolHandler ["http-nio-8080"]
09-Sep-2024 21:34:41.213 INFO [main] org.apache.catalina.startup.Catalina.start Server startup in [3680] milliseconds
09-Sep-2024 21:39:56.917 INFO [Thread-1] org.apache.coyote.AbstractProtocol.pause Pausing ProtocolHandler ["http-nio-8080"]
09-Sep-2024 21:39:56.933 INFO [Thread-1] org.apache.catalina.core.StandardService.stopInternal Stopping service [Catalina]
09-Sep-2024 21:39:56.959 INFO [Thread-1] org.apache.coyote.AbstractProtocol.stop Stopping ProtocolHandler ["http-nio-8080"]
09-Sep-2024 21:39:56.981 INFO [Thread-1] org.apache.coyote.AbstractProtocol.destroy Destroying ProtocolHandler ["http-nio-8080"]
09-Sep-2024 21:40:02.419 INFO [main] org.apache.catalina.startup.VersionLoggerListener.log Server version name:   Apache Tomcat/10.1.28
09-Sep-2024 21:40:02.426 INFO [main] org.apache.catalina.startup.VersionLoggerListener.log Server built:          Aug 2 2024 15:14:43 UTC
09-Sep-2024 21:40:02.427 INFO [main] org.apache.catalina.startup.VersionLoggerListener.log Server version number: 10.1.28.0
09-Sep-2024 21:40:02.427 INFO [main] org.apache.catalina.startup.VersionLoggerListener.log OS Name:               Windows 10
09-Sep-2024 21:40:02.427 INFO [main] org.apache.catalina.startup.VersionLoggerListener.log OS Version:            10.0
09-Sep-2024 21:40:02.427 INFO [main] org.apache.catalina.startup.VersionLoggerListener.log Architecture:          amd64
09-Sep-2024 21:40:02.427 INFO [main] org.apache.catalina.startup.VersionLoggerListener.log Java Home:             C:\Users\Admin\.jdks\openjdk-22.0.2
09-Sep-2024 21:40:02.428 INFO [main] org.apache.catalina.startup.VersionLoggerListener.log JVM Version:           22.0.2+9-70
09-Sep-2024 21:40:02.428 INFO [main] org.apache.catalina.startup.VersionLoggerListener.log JVM Vendor:            Oracle Corporation
09-Sep-2024 21:40:02.428 INFO [main] org.apache.catalina.startup.VersionLoggerListener.log CATALINA_BASE:         C:\test\LTWEB
09-Sep-2024 21:40:02.428 INFO [main] org.apache.catalina.startup.VersionLoggerListener.log CATALINA_HOME:         C:\IntelliJ\apache-tomcat-10.1.28
09-Sep-2024 21:40:02.444 INFO [main] org.apache.catalina.startup.VersionLoggerListener.log Command line argument: --add-opens=java.base/java.lang=ALL-UNNAMED
09-Sep-2024 21:40:02.444 INFO [main] org.apache.catalina.startup.VersionLoggerListener.log Command line argument: --add-opens=java.base/java.io=ALL-UNNAMED
09-Sep-2024 21:40:02.445 INFO [main] org.apache.catalina.startup.VersionLoggerListener.log Command line argument: --add-opens=java.base/java.util=ALL-UNNAMED
09-Sep-2024 21:40:02.445 INFO [main] org.apache.catalina.startup.VersionLoggerListener.log Command line argument: --add-opens=java.base/java.util.concurrent=ALL-UNNAMED
09-Sep-2024 21:40:02.445 INFO [main] org.apache.catalina.startup.VersionLoggerListener.log Command line argument: --add-opens=java.rmi/sun.rmi.transport=ALL-UNNAMED
09-Sep-2024 21:40:02.445 INFO [main] org.apache.catalina.startup.VersionLoggerListener.log Command line argument: -Dcatalina.home=C:\IntelliJ\apache-tomcat-10.1.28
09-Sep-2024 21:40:02.445 INFO [main] org.apache.catalina.startup.VersionLoggerListener.log Command line argument: -Dcatalina.base=C:\test\LTWEB
09-Sep-2024 21:40:02.446 INFO [main] org.apache.catalina.startup.VersionLoggerListener.log Command line argument: -Djava.io.tmpdir=C:\test\LTWEB\temp
09-Sep-2024 21:40:02.446 INFO [main] org.apache.catalina.startup.VersionLoggerListener.log Command line argument: -Djava.util.logging.config.file=C:\test\LTWEB\conf\logging.properties
09-Sep-2024 21:40:02.447 INFO [main] org.apache.catalina.startup.VersionLoggerListener.log Command line argument: -Djava.util.logging.manager=org.apache.juli.ClassLoaderLogManager
09-Sep-2024 21:40:02.447 INFO [main] org.apache.catalina.startup.VersionLoggerListener.log Command line argument: -javaagent:C:\Program Files\JetBrains\IntelliJ IDEA 2024.2.0.2\lib\idea_rt.jar=56609:C:\Program Files\JetBrains\IntelliJ IDEA 2024.2.0.2\bin
09-Sep-2024 21:40:02.447 INFO [main] org.apache.catalina.startup.VersionLoggerListener.log Command line argument: -Dfile.encoding=UTF-8
09-Sep-2024 21:40:02.447 INFO [main] org.apache.catalina.startup.VersionLoggerListener.log Command line argument: -Dsun.stdout.encoding=UTF-8
09-Sep-2024 21:40:02.447 INFO [main] org.apache.catalina.startup.VersionLoggerListener.log Command line argument: -Dsun.stderr.encoding=UTF-8
09-Sep-2024 21:40:02.452 INFO [main] org.apache.catalina.core.AprLifecycleListener.lifecycleEvent Loaded Apache Tomcat Native library [2.0.8] using APR version [1.7.4].
09-Sep-2024 21:40:02.466 INFO [main] org.apache.catalina.core.AprLifecycleListener.initializeSSL OpenSSL successfully initialized [OpenSSL 3.0.14 4 Jun 2024]
09-Sep-2024 21:40:03.396 INFO [main] org.apache.coyote.AbstractProtocol.init Initializing ProtocolHandler ["http-nio-8080"]
09-Sep-2024 21:40:03.517 INFO [main] org.apache.catalina.startup.Catalina.load Server initialization in [1585] milliseconds
09-Sep-2024 21:40:03.659 INFO [main] org.apache.catalina.core.StandardService.startInternal Starting service [Catalina]
09-Sep-2024 21:40:03.660 INFO [main] org.apache.catalina.core.StandardEngine.startInternal Starting Servlet engine: [Apache Tomcat/10.1.28]
09-Sep-2024 21:40:03.687 INFO [main] org.apache.catalina.startup.HostConfig.deployDescriptor Deploying deployment descriptor [C:\test\LTWEB\conf\Catalina\localhost\LTWEB.xml]
09-Sep-2024 21:40:10.426 INFO [main] org.apache.catalina.startup.VersionLoggerListener.log Server version name:   Apache Tomcat/10.1.28
09-Sep-2024 21:40:10.434 INFO [main] org.apache.catalina.startup.VersionLoggerListener.log Server built:          Aug 2 2024 15:14:43 UTC
09-Sep-2024 21:40:10.435 INFO [main] org.apache.catalina.startup.VersionLoggerListener.log Server version number: 10.1.28.0
09-Sep-2024 21:40:10.435 INFO [main] org.apache.catalina.startup.VersionLoggerListener.log OS Name:               Windows 10
09-Sep-2024 21:40:10.435 INFO [main] org.apache.catalina.startup.VersionLoggerListener.log OS Version:            10.0
09-Sep-2024 21:40:10.435 INFO [main] org.apache.catalina.startup.VersionLoggerListener.log Architecture:          amd64
09-Sep-2024 21:40:10.435 INFO [main] org.apache.catalina.startup.VersionLoggerListener.log Java Home:             C:\Users\Admin\.jdks\openjdk-22.0.2
09-Sep-2024 21:40:10.436 INFO [main] org.apache.catalina.startup.VersionLoggerListener.log JVM Version:           22.0.2+9-70
09-Sep-2024 21:40:10.443 INFO [main] org.apache.catalina.startup.VersionLoggerListener.log JVM Vendor:            Oracle Corporation
09-Sep-2024 21:40:10.443 INFO [main] org.apache.catalina.startup.VersionLoggerListener.log CATALINA_BASE:         C:\test\LTWEB
09-Sep-2024 21:40:10.444 INFO [main] org.apache.catalina.startup.VersionLoggerListener.log CATALINA_HOME:         C:\IntelliJ\apache-tomcat-10.1.28
09-Sep-2024 21:40:10.469 INFO [main] org.apache.catalina.startup.VersionLoggerListener.log Command line argument: --add-opens=java.base/java.lang=ALL-UNNAMED
09-Sep-2024 21:40:10.470 INFO [main] org.apache.catalina.startup.VersionLoggerListener.log Command line argument: --add-opens=java.base/java.io=ALL-UNNAMED
09-Sep-2024 21:40:10.470 INFO [main] org.apache.catalina.startup.VersionLoggerListener.log Command line argument: --add-opens=java.base/java.util=ALL-UNNAMED
09-Sep-2024 21:40:10.470 INFO [main] org.apache.catalina.startup.VersionLoggerListener.log Command line argument: --add-opens=java.base/java.util.concurrent=ALL-UNNAMED
09-Sep-2024 21:40:10.470 INFO [main] org.apache.catalina.startup.VersionLoggerListener.log Command line argument: --add-opens=java.rmi/sun.rmi.transport=ALL-UNNAMED
09-Sep-2024 21:40:10.470 INFO [main] org.apache.catalina.startup.VersionLoggerListener.log Command line argument: -Dcatalina.home=C:\IntelliJ\apache-tomcat-10.1.28
09-Sep-2024 21:40:10.470 INFO [main] org.apache.catalina.startup.VersionLoggerListener.log Command line argument: -Dcatalina.base=C:\test\LTWEB
09-Sep-2024 21:40:10.472 INFO [main] org.apache.catalina.startup.VersionLoggerListener.log Command line argument: -Djava.io.tmpdir=C:\test\LTWEB\temp
09-Sep-2024 21:40:10.473 INFO [main] org.apache.catalina.startup.VersionLoggerListener.log Command line argument: -Djava.util.logging.config.file=C:\test\LTWEB\conf\logging.properties
09-Sep-2024 21:40:10.474 INFO [main] org.apache.catalina.startup.VersionLoggerListener.log Command line argument: -Djava.util.logging.manager=org.apache.juli.ClassLoaderLogManager
09-Sep-2024 21:40:10.474 INFO [main] org.apache.catalina.startup.VersionLoggerListener.log Command line argument: -javaagent:C:\Program Files\JetBrains\IntelliJ IDEA 2024.2.0.2\lib\idea_rt.jar=56612:C:\Program Files\JetBrains\IntelliJ IDEA 2024.2.0.2\bin
09-Sep-2024 21:40:10.474 INFO [main] org.apache.catalina.startup.VersionLoggerListener.log Command line argument: -Dfile.encoding=UTF-8
09-Sep-2024 21:40:10.474 INFO [main] org.apache.catalina.startup.VersionLoggerListener.log Command line argument: -Dsun.stdout.encoding=UTF-8
09-Sep-2024 21:40:10.482 INFO [main] org.apache.catalina.startup.VersionLoggerListener.log Command line argument: -Dsun.stderr.encoding=UTF-8
09-Sep-2024 21:40:10.491 INFO [main] org.apache.catalina.core.AprLifecycleListener.lifecycleEvent Loaded Apache Tomcat Native library [2.0.8] using APR version [1.7.4].
09-Sep-2024 21:40:10.500 INFO [main] org.apache.catalina.core.AprLifecycleListener.initializeSSL OpenSSL successfully initialized [OpenSSL 3.0.14 4 Jun 2024]
09-Sep-2024 21:40:11.251 INFO [main] org.apache.coyote.AbstractProtocol.init Initializing ProtocolHandler ["http-nio-8080"]
09-Sep-2024 21:40:11.301 INFO [main] org.apache.catalina.startup.Catalina.load Server initialization in [1311] milliseconds
09-Sep-2024 21:40:11.443 INFO [main] org.apache.catalina.core.StandardService.startInternal Starting service [Catalina]
09-Sep-2024 21:40:11.444 INFO [main] org.apache.catalina.core.StandardEngine.startInternal Starting Servlet engine: [Apache Tomcat/10.1.28]
09-Sep-2024 21:40:11.476 INFO [main] org.apache.catalina.startup.HostConfig.deployDescriptor Deploying deployment descriptor [C:\test\LTWEB\conf\Catalina\localhost\LTWEB.xml]
09-Sep-2024 21:40:14.483 INFO [main] org.apache.jasper.servlet.TldScanner.scanJars At least one JAR was scanned for TLDs yet contained no TLDs. Enable debug logging for this logger for a complete list of JARs that were scanned but no TLDs were found in them. Skipping unneeded JARs during scanning can improve startup time and JSP compilation time.
09-Sep-2024 21:40:14.743 INFO [main] org.apache.catalina.startup.HostConfig.deployDescriptor Deployment of deployment descriptor [C:\test\LTWEB\conf\Catalina\localhost\LTWEB.xml] has finished in [3,267] ms
09-Sep-2024 21:40:14.751 INFO [main] org.apache.coyote.AbstractProtocol.start Starting ProtocolHandler ["http-nio-8080"]
09-Sep-2024 21:40:14.803 INFO [main] org.apache.catalina.startup.Catalina.start Server startup in [3489] milliseconds
09-Sep-2024 21:40:52.433 INFO [Thread-1] org.apache.coyote.AbstractProtocol.pause Pausing ProtocolHandler ["http-nio-8080"]
09-Sep-2024 21:40:52.444 INFO [Thread-1] org.apache.catalina.core.StandardService.stopInternal Stopping service [Catalina]
09-Sep-2024 21:40:52.459 INFO [Thread-1] org.apache.coyote.AbstractProtocol.stop Stopping ProtocolHandler ["http-nio-8080"]
09-Sep-2024 21:40:52.484 INFO [Thread-1] org.apache.coyote.AbstractProtocol.destroy Destroying ProtocolHandler ["http-nio-8080"]
09-Sep-2024 21:40:57.717 INFO [main] org.apache.catalina.startup.VersionLoggerListener.log Server version name:   Apache Tomcat/10.1.28
09-Sep-2024 21:40:57.728 INFO [main] org.apache.catalina.startup.VersionLoggerListener.log Server built:          Aug 2 2024 15:14:43 UTC
09-Sep-2024 21:40:57.728 INFO [main] org.apache.catalina.startup.VersionLoggerListener.log Server version number: 10.1.28.0
09-Sep-2024 21:40:57.729 INFO [main] org.apache.catalina.startup.VersionLoggerListener.log OS Name:               Windows 10
09-Sep-2024 21:40:57.729 INFO [main] org.apache.catalina.startup.VersionLoggerListener.log OS Version:            10.0
09-Sep-2024 21:40:57.729 INFO [main] org.apache.catalina.startup.VersionLoggerListener.log Architecture:          amd64
09-Sep-2024 21:40:57.729 INFO [main] org.apache.catalina.startup.VersionLoggerListener.log Java Home:             C:\Users\Admin\.jdks\openjdk-22.0.2
09-Sep-2024 21:40:57.735 INFO [main] org.apache.catalina.startup.VersionLoggerListener.log JVM Version:           22.0.2+9-70
09-Sep-2024 21:40:57.735 INFO [main] org.apache.catalina.startup.VersionLoggerListener.log JVM Vendor:            Oracle Corporation
09-Sep-2024 21:40:57.737 INFO [main] org.apache.catalina.startup.VersionLoggerListener.log CATALINA_BASE:         C:\test\LTWEB
09-Sep-2024 21:40:57.737 INFO [main] org.apache.catalina.startup.VersionLoggerListener.log CATALINA_HOME:         C:\IntelliJ\apache-tomcat-10.1.28
09-Sep-2024 21:40:57.754 INFO [main] org.apache.catalina.startup.VersionLoggerListener.log Command line argument: --add-opens=java.base/java.lang=ALL-UNNAMED
09-Sep-2024 21:40:57.755 INFO [main] org.apache.catalina.startup.VersionLoggerListener.log Command line argument: --add-opens=java.base/java.io=ALL-UNNAMED
09-Sep-2024 21:40:57.755 INFO [main] org.apache.catalina.startup.VersionLoggerListener.log Command line argument: --add-opens=java.base/java.util=ALL-UNNAMED
09-Sep-2024 21:40:57.755 INFO [main] org.apache.catalina.startup.VersionLoggerListener.log Command line argument: --add-opens=java.base/java.util.concurrent=ALL-UNNAMED
09-Sep-2024 21:40:57.755 INFO [main] org.apache.catalina.startup.VersionLoggerListener.log Command line argument: --add-opens=java.rmi/sun.rmi.transport=ALL-UNNAMED
09-Sep-2024 21:40:57.755 INFO [main] org.apache.catalina.startup.VersionLoggerListener.log Command line argument: -Dcatalina.home=C:\IntelliJ\apache-tomcat-10.1.28
09-Sep-2024 21:40:57.755 INFO [main] org.apache.catalina.startup.VersionLoggerListener.log Command line argument: -Dcatalina.base=C:\test\LTWEB
09-Sep-2024 21:40:57.755 INFO [main] org.apache.catalina.startup.VersionLoggerListener.log Command line argument: -Djava.io.tmpdir=C:\test\LTWEB\temp
09-Sep-2024 21:40:57.756 INFO [main] org.apache.catalina.startup.VersionLoggerListener.log Command line argument: -Djava.util.logging.config.file=C:\test\LTWEB\conf\logging.properties
09-Sep-2024 21:40:57.756 INFO [main] org.apache.catalina.startup.VersionLoggerListener.log Command line argument: -Djava.util.logging.manager=org.apache.juli.ClassLoaderLogManager
09-Sep-2024 21:40:57.756 INFO [main] org.apache.catalina.startup.VersionLoggerListener.log Command line argument: -javaagent:C:\Program Files\JetBrains\IntelliJ IDEA 2024.2.0.2\lib\idea_rt.jar=56620:C:\Program Files\JetBrains\IntelliJ IDEA 2024.2.0.2\bin
09-Sep-2024 21:40:57.756 INFO [main] org.apache.catalina.startup.VersionLoggerListener.log Command line argument: -Dfile.encoding=UTF-8
09-Sep-2024 21:40:57.756 INFO [main] org.apache.catalina.startup.VersionLoggerListener.log Command line argument: -Dsun.stdout.encoding=UTF-8
09-Sep-2024 21:40:57.756 INFO [main] org.apache.catalina.startup.VersionLoggerListener.log Command line argument: -Dsun.stderr.encoding=UTF-8
09-Sep-2024 21:40:57.760 INFO [main] org.apache.catalina.core.AprLifecycleListener.lifecycleEvent Loaded Apache Tomcat Native library [2.0.8] using APR version [1.7.4].
09-Sep-2024 21:40:57.768 INFO [main] org.apache.catalina.core.AprLifecycleListener.initializeSSL OpenSSL successfully initialized [OpenSSL 3.0.14 4 Jun 2024]
09-Sep-2024 21:40:58.835 INFO [main] org.apache.coyote.AbstractProtocol.init Initializing ProtocolHandler ["http-nio-8080"]
09-Sep-2024 21:40:58.904 INFO [main] org.apache.catalina.startup.Catalina.load Server initialization in [1646] milliseconds
09-Sep-2024 21:40:59.014 INFO [main] org.apache.catalina.core.StandardService.startInternal Starting service [Catalina]
09-Sep-2024 21:40:59.014 INFO [main] org.apache.catalina.core.StandardEngine.startInternal Starting Servlet engine: [Apache Tomcat/10.1.28]
09-Sep-2024 21:40:59.032 INFO [main] org.apache.catalina.startup.HostConfig.deployDescriptor Deploying deployment descriptor [C:\test\LTWEB\conf\Catalina\localhost\LTWEB.xml]
09-Sep-2024 21:41:01.892 INFO [main] org.apache.jasper.servlet.TldScanner.scanJars At least one JAR was scanned for TLDs yet contained no TLDs. Enable debug logging for this logger for a complete list of JARs that were scanned but no TLDs were found in them. Skipping unneeded JARs during scanning can improve startup time and JSP compilation time.
09-Sep-2024 21:41:02.114 INFO [main] org.apache.catalina.startup.HostConfig.deployDescriptor Deployment of deployment descriptor [C:\test\LTWEB\conf\Catalina\localhost\LTWEB.xml] has finished in [3,081] ms
09-Sep-2024 21:41:02.125 INFO [main] org.apache.coyote.AbstractProtocol.start Starting ProtocolHandler ["http-nio-8080"]
09-Sep-2024 21:41:02.180 INFO [main] org.apache.catalina.startup.Catalina.start Server startup in [3273] milliseconds
09-Sep-2024 22:56:16.112 INFO [Thread-1] org.apache.coyote.AbstractProtocol.pause Pausing ProtocolHandler ["http-nio-8080"]
09-Sep-2024 22:56:16.147 INFO [Thread-1] org.apache.catalina.core.StandardService.stopInternal Stopping service [Catalina]
09-Sep-2024 22:56:16.347 INFO [Thread-1] org.apache.coyote.AbstractProtocol.stop Stopping ProtocolHandler ["http-nio-8080"]
09-Sep-2024 22:56:16.374 INFO [Thread-1] org.apache.coyote.AbstractProtocol.destroy Destroying ProtocolHandler ["http-nio-8080"]
