07-Oct-2024 21:56:29.020 INFO [main] org.apache.catalina.startup.VersionLoggerListener.log Server version name:   Apache Tomcat/10.1.28
07-Oct-2024 21:56:29.026 INFO [main] org.apache.catalina.startup.VersionLoggerListener.log Server built:          Aug 2 2024 15:14:43 UTC
07-Oct-2024 21:56:29.026 INFO [main] org.apache.catalina.startup.VersionLoggerListener.log Server version number: 10.1.28.0
07-Oct-2024 21:56:29.027 INFO [main] org.apache.catalina.startup.VersionLoggerListener.log OS Name:               Windows 10
07-Oct-2024 21:56:29.027 INFO [main] org.apache.catalina.startup.VersionLoggerListener.log OS Version:            10.0
07-Oct-2024 21:56:29.027 INFO [main] org.apache.catalina.startup.VersionLoggerListener.log Architecture:          amd64
07-Oct-2024 21:56:29.027 INFO [main] org.apache.catalina.startup.VersionLoggerListener.log Java Home:             C:\Users\Admin\.jdks\openjdk-22.0.2
07-Oct-2024 21:56:29.027 INFO [main] org.apache.catalina.startup.VersionLoggerListener.log JVM Version:           22.0.2+9-70
07-Oct-2024 21:56:29.027 INFO [main] org.apache.catalina.startup.VersionLoggerListener.log JVM Vendor:            Oracle Corporation
07-Oct-2024 21:56:29.028 INFO [main] org.apache.catalina.startup.VersionLoggerListener.log CATALINA_BASE:         C:\test\LTWEB
07-Oct-2024 21:56:29.028 INFO [main] org.apache.catalina.startup.VersionLoggerListener.log CATALINA_HOME:         C:\IntelliJ\apache-tomcat-10.1.28
07-Oct-2024 21:56:29.046 INFO [main] org.apache.catalina.startup.VersionLoggerListener.log Command line argument: --add-opens=java.base/java.lang=ALL-UNNAMED
07-Oct-2024 21:56:29.046 INFO [main] org.apache.catalina.startup.VersionLoggerListener.log Command line argument: --add-opens=java.base/java.io=ALL-UNNAMED
07-Oct-2024 21:56:29.047 INFO [main] org.apache.catalina.startup.VersionLoggerListener.log Command line argument: --add-opens=java.base/java.util=ALL-UNNAMED
07-Oct-2024 21:56:29.047 INFO [main] org.apache.catalina.startup.VersionLoggerListener.log Command line argument: --add-opens=java.base/java.util.concurrent=ALL-UNNAMED
07-Oct-2024 21:56:29.047 INFO [main] org.apache.catalina.startup.VersionLoggerListener.log Command line argument: --add-opens=java.rmi/sun.rmi.transport=ALL-UNNAMED
07-Oct-2024 21:56:29.047 INFO [main] org.apache.catalina.startup.VersionLoggerListener.log Command line argument: -Dcatalina.home=C:\IntelliJ\apache-tomcat-10.1.28
07-Oct-2024 21:56:29.047 INFO [main] org.apache.catalina.startup.VersionLoggerListener.log Command line argument: -Dcatalina.base=C:\test\LTWEB
07-Oct-2024 21:56:29.048 INFO [main] org.apache.catalina.startup.VersionLoggerListener.log Command line argument: -Djava.io.tmpdir=C:\test\LTWEB\temp
07-Oct-2024 21:56:29.048 INFO [main] org.apache.catalina.startup.VersionLoggerListener.log Command line argument: -Djava.util.logging.config.file=C:\test\LTWEB\conf\logging.properties
07-Oct-2024 21:56:29.048 INFO [main] org.apache.catalina.startup.VersionLoggerListener.log Command line argument: -Djava.util.logging.manager=org.apache.juli.ClassLoaderLogManager
07-Oct-2024 21:56:29.048 INFO [main] org.apache.catalina.startup.VersionLoggerListener.log Command line argument: -javaagent:C:\Program Files\JetBrains\IntelliJ IDEA 2024.2.0.2\lib\idea_rt.jar=62123:C:\Program Files\JetBrains\IntelliJ IDEA 2024.2.0.2\bin
07-Oct-2024 21:56:29.048 INFO [main] org.apache.catalina.startup.VersionLoggerListener.log Command line argument: -Dfile.encoding=UTF-8
07-Oct-2024 21:56:29.049 INFO [main] org.apache.catalina.startup.VersionLoggerListener.log Command line argument: -Dsun.stdout.encoding=UTF-8
07-Oct-2024 21:56:29.049 INFO [main] org.apache.catalina.startup.VersionLoggerListener.log Command line argument: -Dsun.stderr.encoding=UTF-8
07-Oct-2024 21:56:29.352 INFO [main] org.apache.catalina.core.AprLifecycleListener.lifecycleEvent Loaded Apache Tomcat Native library [2.0.8] using APR version [1.7.4].
07-Oct-2024 21:56:29.398 INFO [main] org.apache.catalina.core.AprLifecycleListener.initializeSSL OpenSSL successfully initialized [OpenSSL 3.0.14 4 Jun 2024]
07-Oct-2024 21:56:30.070 INFO [main] org.apache.coyote.AbstractProtocol.init Initializing ProtocolHandler ["http-nio-8080"]
07-Oct-2024 21:56:30.128 INFO [main] org.apache.catalina.startup.Catalina.load Server initialization in [1551] milliseconds
07-Oct-2024 21:56:30.228 INFO [main] org.apache.catalina.core.StandardService.startInternal Starting service [Catalina]
07-Oct-2024 21:56:30.228 INFO [main] org.apache.catalina.core.StandardEngine.startInternal Starting Servlet engine: [Apache Tomcat/10.1.28]
07-Oct-2024 21:56:30.260 INFO [main] org.apache.catalina.startup.HostConfig.deployDescriptor Deploying deployment descriptor [C:\test\LTWEB\conf\Catalina\localhost\LTWEB.xml]
07-Oct-2024 21:56:33.360 INFO [main] org.apache.jasper.servlet.TldScanner.scanJars At least one JAR was scanned for TLDs yet contained no TLDs. Enable debug logging for this logger for a complete list of JARs that were scanned but no TLDs were found in them. Skipping unneeded JARs during scanning can improve startup time and JSP compilation time.
07-Oct-2024 21:56:33.532 INFO [main] org.sitemesh.config.ConfigurableSiteMeshFilter.init SiteMesh 3.2.1 initialized with filter name 'sitemesh'
07-Oct-2024 21:56:33.562 INFO [main] org.apache.catalina.startup.HostConfig.deployDescriptor Deployment of deployment descriptor [C:\test\LTWEB\conf\Catalina\localhost\LTWEB.xml] has finished in [3,301] ms
07-Oct-2024 21:56:33.570 INFO [main] org.apache.coyote.AbstractProtocol.start Starting ProtocolHandler ["http-nio-8080"]
07-Oct-2024 21:56:33.616 INFO [main] org.apache.catalina.startup.Catalina.start Server startup in [3485] milliseconds
07-Oct-2024 22:37:53.732 INFO [Thread-1] org.apache.coyote.AbstractProtocol.pause Pausing ProtocolHandler ["http-nio-8080"]
07-Oct-2024 22:37:53.743 INFO [Thread-1] org.apache.catalina.core.StandardService.stopInternal Stopping service [Catalina]
07-Oct-2024 22:37:53.766 INFO [Thread-1] org.apache.coyote.AbstractProtocol.stop Stopping ProtocolHandler ["http-nio-8080"]
07-Oct-2024 22:37:53.777 INFO [Thread-1] org.apache.coyote.AbstractProtocol.destroy Destroying ProtocolHandler ["http-nio-8080"]
